[0m12:39:13.013908 [debug] [MainThread]: Sending event: {'category': 'dbt', 'action': 'invocation', 'label': 'start', 'context': [<snowplow_tracker.self_describing_json.SelfDescribingJson object at 0x78ed808c4b90>, <snowplow_tracker.self_describing_json.SelfDescribingJson object at 0x78ed7f8c2030>, <snowplow_tracker.self_describing_json.SelfDescribingJson object at 0x78ed7f8c1550>]}


============================== 12:39:13.017768 | 5c8a2859-a091-40f4-8087-b1ecce320ec5 ==============================
[0m12:39:13.017768 [info ] [MainThread]: Running with dbt=1.8.1
[0m12:39:13.020929 [debug] [MainThread]: running dbt with arguments {'printer_width': '80', 'indirect_selection': 'eager', 'write_json': 'True', 'log_cache_events': 'False', 'partial_parse': 'True', 'cache_selected_only': 'False', 'warn_error': 'None', 'fail_fast': 'False', 'version_check': 'True', 'log_path': 'logs', 'profiles_dir': '/home/coder/.dbt', 'debug': 'False', 'use_colors': 'True', 'use_experimental_parser': 'False', 'no_print': 'None', 'quiet': 'False', 'log_format': 'default', 'introspect': 'True', 'warn_error_options': 'WarnErrorOptions(include=[], exclude=[])', 'invocation_command': 'dbt init dbt_modeling', 'target_path': 'None', 'static_parser': 'True', 'send_anonymous_usage_stats': 'True'}
[0m12:39:13.044282 [debug] [MainThread]: Starter project path: /home/coder/miniconda/lib/python3.12/site-packages/dbt/include/starter_project
[0m12:39:13.353403 [info ] [MainThread]: 
Your new dbt project "dbt_modeling" was created!

For more information on how to configure the profiles.yml file,
please consult the dbt documentation here:

  https://docs.getdbt.com/docs/configure-your-profile

One more thing:

Need help? Don't hesitate to reach out to us via GitHub issues or on Slack:

  https://community.getdbt.com/

Happy modeling!

[0m12:39:13.354015 [info ] [MainThread]: Setting up your profile.
[0m12:39:33.618741 [debug] [MainThread]: Redshift adapter: Setting redshift_connector to ERROR
[0m12:39:33.620579 [debug] [MainThread]: Redshift adapter: Setting redshift_connector.core to ERROR
[0m12:40:06.675543 [error] [MainThread]: Encountered an error:

[0m12:40:06.679553 [error] [MainThread]: Traceback (most recent call last):
  File "/home/coder/miniconda/lib/python3.12/site-packages/dbt/cli/requires.py", line 138, in wrapper
    result, success = func(*args, **kwargs)
                      ^^^^^^^^^^^^^^^^^^^^^
  File "/home/coder/miniconda/lib/python3.12/site-packages/dbt/cli/requires.py", line 101, in wrapper
    return func(*args, **kwargs)
           ^^^^^^^^^^^^^^^^^^^^^
  File "/home/coder/miniconda/lib/python3.12/site-packages/dbt/cli/main.py", line 469, in init
    results = task.run()
              ^^^^^^^^^^
  File "/home/coder/miniconda/lib/python3.12/site-packages/dbt/task/init.py", line 347, in run
    self.setup_profile(profile_name)
  File "/home/coder/miniconda/lib/python3.12/site-packages/dbt/task/init.py", line 263, in setup_profile
    self.create_profile_from_target(adapter, profile_name=profile_name)
  File "/home/coder/miniconda/lib/python3.12/site-packages/dbt/task/init.py", line 180, in create_profile_from_target
    self.create_profile_from_profile_template(profile_template, profile_name)
  File "/home/coder/miniconda/lib/python3.12/site-packages/dbt/task/init.py", line 164, in create_profile_from_profile_template
    target = self.generate_target_from_input(prompts, initial_target)
             ^^^^^^^^^^^^^^^^^^^^^^^^^^^^^^^^^^^^^^^^^^^^^^^^^^^^^^^^
  File "/home/coder/miniconda/lib/python3.12/site-packages/dbt/task/init.py", line 130, in generate_target_from_input
    target[key] = click.prompt(
                  ^^^^^^^^^^^^^
  File "/home/coder/miniconda/lib/python3.12/site-packages/click/termui.py", line 164, in prompt
    value = prompt_func(prompt)
            ^^^^^^^^^^^^^^^^^^^
  File "/home/coder/miniconda/lib/python3.12/site-packages/click/termui.py", line 147, in prompt_func
    raise Abort() from None
click.exceptions.Abort

[0m12:40:06.683368 [debug] [MainThread]: Resource report: {"command_name": "init", "command_wall_clock_time": 53.730846, "process_user_time": 1.612751, "process_kernel_time": 0.253081, "process_mem_max_rss": "93748", "process_in_blocks": "41191", "process_out_blocks": "136", "command_success": false}
[0m12:40:06.686639 [debug] [MainThread]: Command `dbt init` failed at 12:40:06.686481 after 53.73 seconds
[0m12:40:06.696477 [debug] [MainThread]: Sending event: {'category': 'dbt', 'action': 'invocation', 'label': 'end', 'context': [<snowplow_tracker.self_describing_json.SelfDescribingJson object at 0x78ed7ffa93d0>, <snowplow_tracker.self_describing_json.SelfDescribingJson object at 0x78ed7e9c4740>, <snowplow_tracker.self_describing_json.SelfDescribingJson object at 0x78ed7e68c890>]}
[0m12:40:06.702010 [debug] [MainThread]: Flushing usage events
[0m12:40:11.448094 [debug] [MainThread]: Sending event: {'category': 'dbt', 'action': 'invocation', 'label': 'start', 'context': [<snowplow_tracker.self_describing_json.SelfDescribingJson object at 0x799d90673bf0>, <snowplow_tracker.self_describing_json.SelfDescribingJson object at 0x799d91e946b0>, <snowplow_tracker.self_describing_json.SelfDescribingJson object at 0x799d91390b30>]}


============================== 12:40:11.451875 | cce28249-e007-48e6-9339-742d0399c4a3 ==============================
[0m12:40:11.451875 [info ] [MainThread]: Running with dbt=1.8.1
[0m12:40:11.460618 [debug] [MainThread]: running dbt with arguments {'printer_width': '80', 'indirect_selection': 'eager', 'log_cache_events': 'False', 'write_json': 'True', 'partial_parse': 'True', 'cache_selected_only': 'False', 'warn_error': 'None', 'fail_fast': 'False', 'debug': 'False', 'log_path': 'logs', 'version_check': 'True', 'profiles_dir': '/home/coder/.dbt', 'use_colors': 'True', 'use_experimental_parser': 'False', 'no_print': 'None', 'quiet': 'False', 'warn_error_options': 'WarnErrorOptions(include=[], exclude=[])', 'static_parser': 'True', 'invocation_command': 'dbt init dbt_modeling', 'log_format': 'default', 'target_path': 'None', 'introspect': 'True', 'send_anonymous_usage_stats': 'True'}
[0m12:40:11.482627 [info ] [MainThread]: A project called dbt_modeling already exists here.
[0m12:40:11.483717 [debug] [MainThread]: Resource report: {"command_name": "init", "command_success": true, "command_wall_clock_time": 0.091386184, "process_user_time": 1.409127, "process_kernel_time": 0.143707, "process_mem_max_rss": "85756", "process_in_blocks": "36826", "process_out_blocks": "32"}
[0m12:40:11.490353 [debug] [MainThread]: Command `dbt init` succeeded at 12:40:11.490177 after 0.10 seconds
[0m12:40:11.502154 [debug] [MainThread]: Sending event: {'category': 'dbt', 'action': 'invocation', 'label': 'end', 'context': [<snowplow_tracker.self_describing_json.SelfDescribingJson object at 0x799d8fbfff80>, <snowplow_tracker.self_describing_json.SelfDescribingJson object at 0x799d90d02e40>, <snowplow_tracker.self_describing_json.SelfDescribingJson object at 0x799d8f88ba70>]}
[0m12:40:11.511714 [debug] [MainThread]: Flushing usage events
[0m12:40:31.469390 [debug] [MainThread]: Sending event: {'category': 'dbt', 'action': 'invocation', 'label': 'start', 'context': [<snowplow_tracker.self_describing_json.SelfDescribingJson object at 0x7920b1b4e300>, <snowplow_tracker.self_describing_json.SelfDescribingJson object at 0x7920b1d5d7f0>, <snowplow_tracker.self_describing_json.SelfDescribingJson object at 0x7920b3f34770>]}


============================== 12:40:31.472830 | 3acd779c-9320-4fa0-891d-0ffbc5ab20bb ==============================
[0m12:40:31.472830 [info ] [MainThread]: Running with dbt=1.8.1
[0m12:40:31.478056 [debug] [MainThread]: running dbt with arguments {'printer_width': '80', 'indirect_selection': 'eager', 'log_cache_events': 'False', 'write_json': 'True', 'partial_parse': 'True', 'cache_selected_only': 'False', 'profiles_dir': '/home/coder/.dbt', 'version_check': 'True', 'warn_error': 'None', 'log_path': 'logs', 'debug': 'False', 'fail_fast': 'False', 'use_colors': 'True', 'use_experimental_parser': 'False', 'no_print': 'None', 'quiet': 'False', 'warn_error_options': 'WarnErrorOptions(include=[], exclude=[])', 'invocation_command': 'dbt init dbt_modeling', 'static_parser': 'True', 'introspect': 'True', 'target_path': 'None', 'log_format': 'default', 'send_anonymous_usage_stats': 'True'}
[0m12:40:31.495177 [debug] [MainThread]: Starter project path: /home/coder/miniconda/lib/python3.12/site-packages/dbt/include/starter_project
[0m12:40:31.797039 [info ] [MainThread]: 
Your new dbt project "dbt_modeling" was created!

For more information on how to configure the profiles.yml file,
please consult the dbt documentation here:

  https://docs.getdbt.com/docs/configure-your-profile

One more thing:

Need help? Don't hesitate to reach out to us via GitHub issues or on Slack:

  https://community.getdbt.com/

Happy modeling!

[0m12:40:31.797614 [info ] [MainThread]: Setting up your profile.
[0m12:40:34.201562 [debug] [MainThread]: Redshift adapter: Setting redshift_connector to ERROR
[0m12:40:34.202158 [debug] [MainThread]: Redshift adapter: Setting redshift_connector.core to ERROR
[0m12:42:04.307703 [info ] [MainThread]: Profile dbt_modeling written to /home/coder/.dbt/profiles.yml using target's profile_template.yml and your supplied values. Run 'dbt debug' to validate the connection.
[0m12:42:04.310579 [debug] [MainThread]: Resource report: {"command_name": "init", "command_success": true, "command_wall_clock_time": 92.89298, "process_user_time": 1.505688, "process_kernel_time": 0.14315, "process_mem_max_rss": "94756", "process_in_blocks": "40770", "process_out_blocks": "136"}
[0m12:42:04.311349 [debug] [MainThread]: Command `dbt init` succeeded at 12:42:04.311200 after 92.89 seconds
[0m12:42:04.319020 [debug] [MainThread]: Sending event: {'category': 'dbt', 'action': 'invocation', 'label': 'end', 'context': [<snowplow_tracker.self_describing_json.SelfDescribingJson object at 0x7920b1a3e420>, <snowplow_tracker.self_describing_json.SelfDescribingJson object at 0x7920b5109280>, <snowplow_tracker.self_describing_json.SelfDescribingJson object at 0x7920b180ab40>]}
[0m12:42:04.326594 [debug] [MainThread]: Flushing usage events
